Total data points: 1541
Training data points: 924 (first 60%)
Testing data points: 617 (last 40%)
------------------------------
Starting Optuna optimization on the training set...
Optimization finished.
------------------------------
--- In-Sample Results (Training Set) ---
Optimal parameters found: {'length0': 12, 'p1': 8, 'p2': 15, 'p3': 3}
Profit on training set: 7554.77
------------------------------
--- Out-of-Sample Results (Test Set) ---
Applying parameters {'length0': 12, 'p1': 8, 'p2': 15, 'p3': 3} to the test set.
Profit on test set: 102.52
------------------------------
Strategy chart saved to: CJ888.CZCE1d.strategy.png
Cumulative PnL chart saved to: CJ888.CZCE1d.pnl.png
Generating Optuna visualization files...

---
Error saving Plotly images: 

Kaleido requires Google Chrome to be installed.

Either download and install Chrome yourself following Google's instructions for your operating system,
or install it from your terminal by running:

    $ plotly_get_chrome


Please make sure you have the 'kaleido' package installed (`pip install kaleido`).
---

